# JRE version: Java(TM) SE Runtime Environment (8.0_101-b13) (build 1.8.0_101-b13)
# Java VM: Java HotSpot(TM) 64-Bit Server VM (25.101-b13 mixed mode windows-amd64 compressed oops)
Heap:
 PSYoungGen      total 268288K, used 95312K [0x00000000d7100000, 0x00000000e9200000, 0x0000000100000000)
  eden space 259072K, 36% used [0x00000000d7100000,0x00000000dce14208,0x00000000e6e00000)
  from space 9216K, 0% used [0x00000000e8900000,0x00000000e8900000,0x00000000e9200000)
  to   space 18432K, 0% used [0x00000000e6e00000,0x00000000e6e00000,0x00000000e8000000)
 ParOldGen       total 128000K, used 34987K [0x0000000085200000, 0x000000008cf00000, 0x00000000d7100000)
  object space 128000K, 27% used [0x0000000085200000,0x000000008742aca8,0x000000008cf00000)
 Metaspace       used 63913K, capacity 64782K, committed 65024K, reserved 1105920K
  class space    used 7938K, capacity 8114K, committed 8192K, reserved 1048576K
GC Heap History (10 events):
Event: 6.072 GC heap before
{Heap before GC invocations=11 (full 2):
 PSYoungGen      total 167424K, used 12779K [0x00000000d7100000, 0x00000000e5b80000, 0x0000000100000000)
  eden space 154624K, 0% used [0x00000000d7100000,0x00000000d7100000,0x00000000e0800000)
  from space 12800K, 99% used [0x00000000e0800000,0x00000000e147add8,0x00000000e1480000)
  to   space 15872K, 0% used [0x00000000e4c00000,0x00000000e4c00000,0x00000000e5b80000)
 ParOldGen       total 59904K, used 13801K [0x0000000085200000, 0x0000000088c80000, 0x00000000d7100000)
  object space 59904K, 23% used [0x0000000085200000,0x0000000085f7a638,0x0000000088c80000)
 Metaspace       used 34832K, capacity 35244K, committed 35496K, reserved 1081344K
  class space    used 4413K, capacity 4547K, committed 4608K, reserved 1048576K
Event: 6.170 GC heap after
Heap after GC invocations=11 (full 2):
 PSYoungGen      total 167424K, used 0K [0x00000000d7100000, 0x00000000e5b80000, 0x0000000100000000)
  eden space 154624K, 0% used [0x00000000d7100000,0x00000000d7100000,0x00000000e0800000)
  from space 12800K, 0% used [0x00000000e0800000,0x00000000e0800000,0x00000000e1480000)
  to   space 15872K, 0% used [0x00000000e4c00000,0x00000000e4c00000,0x00000000e5b80000)
 ParOldGen       total 95232K, used 24283K [0x0000000085200000, 0x000000008af00000, 0x00000000d7100000)
  object space 95232K, 25% used [0x0000000085200000,0x00000000869b6ca8,0x000000008af00000)
 Metaspace       used 34832K, capacity 35244K, committed 35496K, reserved 1081344K
  class space    used 4413K, capacity 4547K, committed 4608K, reserved 1048576K
}
Event: 9.176 GC heap before
{Heap before GC invocations=12 (full 2):
 PSYoungGen      total 167424K, used 154624K [0x00000000d7100000, 0x00000000e5b80000, 0x0000000100000000)
  eden space 154624K, 100% used [0x00000000d7100000,0x00000000e0800000,0x00000000e0800000)
  from space 12800K, 0% used [0x00000000e0800000,0x00000000e0800000,0x00000000e1480000)
  to   space 15872K, 0% used [0x00000000e4c00000,0x00000000e4c00000,0x00000000e5b80000)
 ParOldGen       total 95232K, used 24283K [0x0000000085200000, 0x000000008af00000, 0x00000000d7100000)
  object space 95232K, 25% used [0x0000000085200000,0x00000000869b6ca8,0x000000008af00000)
 Metaspace       used 48179K, capacity 48776K, committed 49024K, reserved 1091584K
  class space    used 6091K, capacity 6221K, committed 6272K, reserved 1048576K
Event: 9.212 GC heap after
Heap after GC invocations=12 (full 2):
 PSYoungGen      total 220160K, used 15842K [0x00000000d7100000, 0x00000000e5c80000, 0x0000000100000000)
  eden space 204288K, 0% used [0x00000000d7100000,0x00000000d7100000,0x00000000e3880000)
  from space 15872K, 99% used [0x00000000e4c00000,0x00000000e5b78828,0x00000000e5b80000)
  to   space 18432K, 0% used [0x00000000e3880000,0x00000000e3880000,0x00000000e4a80000)
 ParOldGen       total 95232K, used 25848K [0x0000000085200000, 0x000000008af00000, 0x00000000d7100000)
  object space 95232K, 27% used [0x0000000085200000,0x0000000086b3e320,0x000000008af00000)
 Metaspace       used 48179K, capacity 48776K, committed 49024K, reserved 1091584K
  class space    used 6091K, capacity 6221K, committed 6272K, reserved 1048576K
}
Event: 11.516 GC heap before
{Heap before GC invocations=13 (full 2):
 PSYoungGen      total 220160K, used 220130K [0x00000000d7100000, 0x00000000e5c80000, 0x0000000100000000)
  eden space 204288K, 100% used [0x00000000d7100000,0x00000000e3880000,0x00000000e3880000)
  from space 15872K, 99% used [0x00000000e4c00000,0x00000000e5b78828,0x00000000e5b80000)
  to   space 18432K, 0% used [0x00000000e3880000,0x00000000e3880000,0x00000000e4a80000)
 ParOldGen       total 95232K, used 25848K [0x0000000085200000, 0x000000008af00000, 0x00000000d7100000)
  object space 95232K, 27% used [0x0000000085200000,0x0000000086b3e320,0x000000008af00000)
 Metaspace       used 53914K, capacity 54586K, committed 54784K, reserved 1097728K
  class space    used 6731K, capacity 6864K, committed 6912K, reserved 1048576K
Event: 11.559 GC heap after
Heap after GC invocations=13 (full 2):
 PSYoungGen      total 222720K, used 12761K [0x00000000d7100000, 0x00000000e9b80000, 0x0000000100000000)
  eden space 204288K, 0% used [0x00000000d7100000,0x00000000d7100000,0x00000000e3880000)
  from space 18432K, 69% used [0x00000000e3880000,0x00000000e44f6670,0x00000000e4a80000)
  to   space 18944K, 0% used [0x00000000e8900000,0x00000000e8900000,0x00000000e9b80000)
 ParOldGen       total 95232K, used 34157K [0x0000000085200000, 0x000000008af00000, 0x00000000d7100000)
  object space 95232K, 35% used [0x0000000085200000,0x000000008735b650,0x000000008af00000)
 Metaspace       used 53914K, capacity 54586K, committed 54784K, reserved 1097728K
  class space    used 6731K, capacity 6864K, committed 6912K, reserved 1048576K
}
Event: 39.982 GC heap before
{Heap before GC invocations=14 (full 2):
 PSYoungGen      total 222720K, used 149786K [0x00000000d7100000, 0x00000000e9b80000, 0x0000000100000000)
  eden space 204288K, 67% used [0x00000000d7100000,0x00000000df6d0280,0x00000000e3880000)
  from space 18432K, 69% used [0x00000000e3880000,0x00000000e44f6670,0x00000000e4a80000)
  to   space 18944K, 0% used [0x00000000e8900000,0x00000000e8900000,0x00000000e9b80000)
 ParOldGen       total 95232K, used 34157K [0x0000000085200000, 0x000000008af00000, 0x00000000d7100000)
  object space 95232K, 35% used [0x0000000085200000,0x000000008735b650,0x000000008af00000)
 Metaspace       used 58293K, capacity 58978K, committed 59160K, reserved 1101824K
  class space    used 7295K, capacity 7488K, committed 7552K, reserved 1048576K
Event: 39.997 GC heap after
Heap after GC invocations=14 (full 2):
 PSYoungGen      total 268288K, used 7711K [0x00000000d7100000, 0x00000000e9200000, 0x0000000100000000)
  eden space 259072K, 0% used [0x00000000d7100000,0x00000000d7100000,0x00000000e6e00000)
  from space 9216K, 83% used [0x00000000e8900000,0x00000000e9087de8,0x00000000e9200000)
  to   space 18432K, 0% used [0x00000000e6e00000,0x00000000e6e00000,0x00000000e8000000)
 ParOldGen       total 95232K, used 39932K [0x0000000085200000, 0x000000008af00000, 0x00000000d7100000)
  object space 95232K, 41% used [0x0000000085200000,0x00000000878ff240,0x000000008af00000)
 Metaspace       used 58293K, capacity 58978K, committed 59160K, reserved 1101824K
  class space    used 7295K, capacity 7488K, committed 7552K, reserved 1048576K
}
Event: 39.997 GC heap before
{Heap before GC invocations=15 (full 3):
 PSYoungGen      total 268288K, used 7711K [0x00000000d7100000, 0x00000000e9200000, 0x0000000100000000)
  eden space 259072K, 0% used [0x00000000d7100000,0x00000000d7100000,0x00000000e6e00000)
  from space 9216K, 83% used [0x00000000e8900000,0x00000000e9087de8,0x00000000e9200000)
  to   space 18432K, 0% used [0x00000000e6e00000,0x00000000e6e00000,0x00000000e8000000)
 ParOldGen       total 95232K, used 39932K [0x0000000085200000, 0x000000008af00000, 0x00000000d7100000)
  object space 95232K, 41% used [0x0000000085200000,0x00000000878ff240,0x000000008af00000)
 Metaspace       used 58293K, capacity 58978K, committed 59160K, reserved 1101824K
  class space    used 7295K, capacity 7488K, committed 7552K, reserved 1048576K
Event: 40.199 GC heap after
Heap after GC invocations=15 (full 3):
 PSYoungGen      total 268288K, used 0K [0x00000000d7100000, 0x00000000e9200000, 0x0000000100000000)
  eden space 259072K, 0% used [0x00000000d7100000,0x00000000d7100000,0x00000000e6e00000)
  from space 9216K, 0% used [0x00000000e8900000,0x00000000e8900000,0x00000000e9200000)
  to   space 18432K, 0% used [0x00000000e6e00000,0x00000000e6e00000,0x00000000e8000000)
 ParOldGen       total 128000K, used 34987K [0x0000000085200000, 0x000000008cf00000, 0x00000000d7100000)
  object space 128000K, 27% used [0x0000000085200000,0x000000008742aca8,0x000000008cf00000)
 Metaspace       used 58293K, capacity 58978K, committed 59160K, reserved 1101824K
  class space    used 7295K, capacity 7488K, committed 7552K, reserved 1048576K
}

